<?xml version="1.0" encoding="UTF-8"?>
<!-- Generated by org.testng.reporters.JUnitReportReporter -->
<testsuite hostname="THIRU" failures="0" tests="1" name="testcases.TC_001_Verifyaccountregistration" time="9.580" errors="0" timestamp="2024-03-05T20:08:44 IST" skipped="0">
  <testcase classname="testcases.TC_001_Verifyaccountregistration" name="account_page" time="9.580"/>
</testsuite> <!-- testcases.TC_001_Verifyaccountregistration -->
