<?xml version="1.0" encoding="UTF-8"?>
<!-- Generated by org.testng.reporters.JUnitReportReporter -->
<testsuite hostname="THIRU" failures="0" tests="1" name="testcases.TC_005_AddtocartpageTest" time="2.114" errors="0" timestamp="2024-03-14T14:24:13 IST" skipped="0">
  <testcase classname="testcases.TC_005_AddtocartpageTest" name="addtocarttest" time="2.114"/>
</testsuite> <!-- testcases.TC_005_AddtocartpageTest -->
